{"F:\\WebStormProjects\\factory-sort\\src\\game\\level_manager.ts": {"path":"F:\\WebStormProjects\\factory-sort\\src\\game\\level_manager.ts","statementMap":{"0":{"start":{"line":4,"column":0},"end":{"line":4,"column":null}},"1":{"start":{"line":5,"column":2},"end":{"line":5,"column":null}},"2":{"start":{"line":6,"column":2},"end":{"line":6,"column":null}},"3":{"start":{"line":7,"column":2},"end":{"line":7,"column":null}},"4":{"start":{"line":53,"column":10},"end":{"line":53,"column":null}},"5":{"start":{"line":60,"column":4},"end":{"line":60,"column":null}},"6":{"start":{"line":68,"column":4},"end":{"line":68,"column":null}},"7":{"start":{"line":76,"column":4},"end":{"line":79,"column":5}},"8":{"start":{"line":77,"column":6},"end":{"line":77,"column":null}},"9":{"start":{"line":78,"column":6},"end":{"line":78,"column":null}},"10":{"start":{"line":80,"column":4},"end":{"line":80,"column":null}},"11":{"start":{"line":87,"column":4},"end":{"line":87,"column":null}},"12":{"start":{"line":95,"column":4},"end":{"line":95,"column":null}},"13":{"start":{"line":103,"column":4},"end":{"line":103,"column":null}},"14":{"start":{"line":25,"column":0},"end":{"line":25,"column":13}},"15":{"start":{"line":26,"column":26},"end":{"line":51,"column":null}}},"fnMap":{"0":{"name":"(anonymous_0)","decl":{"start":{"line":4,"column":0},"end":{"line":4,"column":12}},"loc":{"start":{"line":4,"column":23},"end":{"line":8,"column":1}}},"1":{"name":"(anonymous_1)","decl":{"start":{"line":59,"column":2},"end":{"line":59,"column":14}},"loc":{"start":{"line":59,"column":38},"end":{"line":61,"column":3}}},"2":{"name":"(anonymous_2)","decl":{"start":{"line":67,"column":9},"end":{"line":67,"column":24}},"loc":{"start":{"line":67,"column":24},"end":{"line":69,"column":3}}},"3":{"name":"(anonymous_3)","decl":{"start":{"line":75,"column":9},"end":{"line":75,"column":18}},"loc":{"start":{"line":75,"column":18},"end":{"line":81,"column":3}}},"4":{"name":"(anonymous_4)","decl":{"start":{"line":86,"column":9},"end":{"line":86,"column":14}},"loc":{"start":{"line":86,"column":14},"end":{"line":88,"column":3}}},"5":{"name":"(anonymous_5)","decl":{"start":{"line":94,"column":9},"end":{"line":94,"column":22}},"loc":{"start":{"line":94,"column":22},"end":{"line":96,"column":3}}},"6":{"name":"(anonymous_6)","decl":{"start":{"line":102,"column":9},"end":{"line":102,"column":20}},"loc":{"start":{"line":102,"column":20},"end":{"line":104,"column":3}}}},"branchMap":{"0":{"loc":{"start":{"line":4,"column":12},"end":{"line":4,"column":null}},"type":"binary-expr","locations":[{"start":{"line":4,"column":12},"end":{"line":4,"column":23}},{"start":{"line":4,"column":23},"end":{"line":4,"column":null}}]},"1":{"loc":{"start":{"line":59,"column":14},"end":{"line":59,"column":38}},"type":"default-arg","locations":[{"start":{"line":59,"column":37},"end":{"line":59,"column":38}}]},"2":{"loc":{"start":{"line":76,"column":4},"end":{"line":79,"column":5}},"type":"if","locations":[{"start":{"line":76,"column":4},"end":{"line":79,"column":5}},{"start":{},"end":{}}]}},"s":{"0":1,"1":1,"2":1,"3":1,"4":8,"5":8,"6":1,"7":7,"8":6,"9":6,"10":1,"11":1,"12":5,"13":3,"14":1,"15":1},"f":{"0":1,"1":8,"2":1,"3":7,"4":1,"5":5,"6":3},"b":{"0":[1,1],"1":[7],"2":[6,1]}}
,"F:\\WebStormProjects\\factory-sort\\src\\game\\objects\\conveyor_belt.ts": {"path":"F:\\WebStormProjects\\factory-sort\\src\\game\\objects\\conveyor_belt.ts","statementMap":{"0":{"start":{"line":1,"column":0},"end":{"line":1,"column":43}},"1":{"start":{"line":19,"column":4},"end":{"line":19,"column":null}},"2":{"start":{"line":5,"column":10},"end":{"line":5,"column":null}},"3":{"start":{"line":9,"column":10},"end":{"line":9,"column":null}},"4":{"start":{"line":21,"column":4},"end":{"line":21,"column":null}},"5":{"start":{"line":22,"column":4},"end":{"line":22,"column":null}},"6":{"start":{"line":23,"column":4},"end":{"line":23,"column":null}},"7":{"start":{"line":24,"column":4},"end":{"line":24,"column":null}},"8":{"start":{"line":26,"column":4},"end":{"line":26,"column":null}},"9":{"start":{"line":27,"column":4},"end":{"line":27,"column":null}},"10":{"start":{"line":28,"column":4},"end":{"line":28,"column":null}},"11":{"start":{"line":30,"column":4},"end":{"line":30,"column":null}},"12":{"start":{"line":34,"column":4},"end":{"line":34,"column":null}},"13":{"start":{"line":36,"column":4},"end":{"line":36,"column":null}},"14":{"start":{"line":37,"column":4},"end":{"line":37,"column":null}},"15":{"start":{"line":40,"column":4},"end":{"line":40,"column":null}},"16":{"start":{"line":41,"column":4},"end":{"line":41,"column":null}},"17":{"start":{"line":44,"column":4},"end":{"line":44,"column":null}},"18":{"start":{"line":45,"column":4},"end":{"line":47,"column":5}},"19":{"start":{"line":45,"column":17},"end":{"line":45,"column":18}},"20":{"start":{"line":46,"column":6},"end":{"line":46,"column":null}},"21":{"start":{"line":51,"column":4},"end":{"line":51,"column":null}},"22":{"start":{"line":52,"column":4},"end":{"line":52,"column":null}},"23":{"start":{"line":54,"column":4},"end":{"line":54,"column":null}},"24":{"start":{"line":58,"column":4},"end":{"line":69,"column":5}},"25":{"start":{"line":58,"column":17},"end":{"line":58,"column":38}},"26":{"start":{"line":59,"column":19},"end":{"line":59,"column":32}},"27":{"start":{"line":60,"column":6},"end":{"line":60,"column":null}},"28":{"start":{"line":64,"column":20},"end":{"line":64,"column":69}},"29":{"start":{"line":65,"column":6},"end":{"line":68,"column":7}},"30":{"start":{"line":66,"column":8},"end":{"line":66,"column":null}},"31":{"start":{"line":67,"column":8},"end":{"line":67,"column":null}},"32":{"start":{"line":73,"column":4},"end":{"line":73,"column":null}},"33":{"start":{"line":4,"column":0},"end":{"line":4,"column":13}}},"fnMap":{"0":{"name":"(anonymous_0)","decl":{"start":{"line":11,"column":2},"end":{"line":11,"column":null}},"loc":{"start":{"line":17,"column":21},"end":{"line":31,"column":3}}},"1":{"name":"(anonymous_1)","decl":{"start":{"line":33,"column":10},"end":{"line":33,"column":18}},"loc":{"start":{"line":33,"column":33},"end":{"line":48,"column":3}}},"2":{"name":"(anonymous_2)","decl":{"start":{"line":50,"column":9},"end":{"line":50,"column":16}},"loc":{"start":{"line":50,"column":35},"end":{"line":55,"column":3}}},"3":{"name":"(anonymous_3)","decl":{"start":{"line":57,"column":9},"end":{"line":57,"column":20}},"loc":{"start":{"line":57,"column":20},"end":{"line":70,"column":3}}},"4":{"name":"(anonymous_4)","decl":{"start":{"line":72,"column":9},"end":{"line":72,"column":17}},"loc":{"start":{"line":72,"column":17},"end":{"line":74,"column":3}}}},"branchMap":{"0":{"loc":{"start":{"line":16,"column":4},"end":{"line":16,"column":22}},"type":"default-arg","locations":[{"start":{"line":16,"column":20},"end":{"line":16,"column":22}}]},"1":{"loc":{"start":{"line":17,"column":4},"end":{"line":17,"column":21}},"type":"default-arg","locations":[{"start":{"line":17,"column":20},"end":{"line":17,"column":21}}]},"2":{"loc":{"start":{"line":65,"column":6},"end":{"line":68,"column":7}},"type":"if","locations":[{"start":{"line":65,"column":6},"end":{"line":68,"column":7}},{"start":{},"end":{}}]}},"s":{"0":1,"1":3,"2":3,"3":3,"4":3,"5":3,"6":3,"7":3,"8":3,"9":3,"10":3,"11":3,"12":3,"13":3,"14":3,"15":3,"16":3,"17":3,"18":3,"19":3,"20":29,"21":2,"22":2,"23":2,"24":2,"25":2,"26":2,"27":2,"28":2,"29":2,"30":1,"31":1,"32":2,"33":1},"f":{"0":3,"1":3,"2":2,"3":2,"4":2},"b":{"0":[2],"1":[3],"2":[1,1]}}
,"F:\\WebStormProjects\\factory-sort\\src\\game\\objects\\conveyor_item.ts": {"path":"F:\\WebStormProjects\\factory-sort\\src\\game\\objects\\conveyor_item.ts","statementMap":{"0":{"start":{"line":1,"column":0},"end":{"line":1,"column":43}},"1":{"start":{"line":3,"column":0},"end":{"line":3,"column":null}},"2":{"start":{"line":4,"column":2},"end":{"line":4,"column":null}},"3":{"start":{"line":5,"column":2},"end":{"line":5,"column":null}},"4":{"start":{"line":6,"column":2},"end":{"line":6,"column":null}},"5":{"start":{"line":7,"column":2},"end":{"line":7,"column":null}},"6":{"start":{"line":10,"column":0},"end":{"line":10,"column":null}},"7":{"start":{"line":11,"column":2},"end":{"line":11,"column":null}},"8":{"start":{"line":12,"column":2},"end":{"line":12,"column":null}},"9":{"start":{"line":13,"column":2},"end":{"line":13,"column":null}},"10":{"start":{"line":22,"column":4},"end":{"line":22,"column":null}},"11":{"start":{"line":24,"column":4},"end":{"line":24,"column":null}},"12":{"start":{"line":25,"column":4},"end":{"line":25,"column":null}},"13":{"start":{"line":27,"column":4},"end":{"line":27,"column":null}},"14":{"start":{"line":28,"column":4},"end":{"line":28,"column":null}},"15":{"start":{"line":29,"column":4},"end":{"line":29,"column":null}},"16":{"start":{"line":32,"column":17},"end":{"line":32,"column":19}},"17":{"start":{"line":33,"column":4},"end":{"line":33,"column":null}},"18":{"start":{"line":34,"column":4},"end":{"line":34,"column":null}},"19":{"start":{"line":35,"column":4},"end":{"line":37,"column":null}},"20":{"start":{"line":36,"column":6},"end":{"line":36,"column":null}},"21":{"start":{"line":39,"column":4},"end":{"line":39,"column":null}},"22":{"start":{"line":43,"column":17},"end":{"line":43,"column":19}},"23":{"start":{"line":44,"column":4},"end":{"line":44,"column":null}},"24":{"start":{"line":45,"column":4},"end":{"line":45,"column":null}},"25":{"start":{"line":46,"column":4},"end":{"line":46,"column":null}},"26":{"start":{"line":48,"column":4},"end":{"line":61,"column":5}},"27":{"start":{"line":50,"column":8},"end":{"line":50,"column":null}},"28":{"start":{"line":51,"column":8},"end":{"line":51,"column":null}},"29":{"start":{"line":52,"column":8},"end":{"line":52,"column":13}},"30":{"start":{"line":54,"column":8},"end":{"line":54,"column":null}},"31":{"start":{"line":55,"column":8},"end":{"line":55,"column":null}},"32":{"start":{"line":56,"column":8},"end":{"line":56,"column":13}},"33":{"start":{"line":58,"column":8},"end":{"line":58,"column":null}},"34":{"start":{"line":59,"column":8},"end":{"line":59,"column":null}},"35":{"start":{"line":60,"column":8},"end":{"line":60,"column":13}},"36":{"start":{"line":16,"column":0},"end":{"line":16,"column":13}}},"fnMap":{"0":{"name":"(anonymous_0)","decl":{"start":{"line":3,"column":0},"end":{"line":3,"column":12}},"loc":{"start":{"line":3,"column":21},"end":{"line":8,"column":1}}},"1":{"name":"(anonymous_1)","decl":{"start":{"line":10,"column":0},"end":{"line":10,"column":12}},"loc":{"start":{"line":10,"column":21},"end":{"line":14,"column":1}}},"2":{"name":"(anonymous_2)","decl":{"start":{"line":21,"column":2},"end":{"line":21,"column":14}},"loc":{"start":{"line":21,"column":84},"end":{"line":40,"column":3}}},"3":{"name":"(anonymous_3)","decl":{"start":{"line":35,"column":27},"end":{"line":35,"column":30}},"loc":{"start":{"line":35,"column":32},"end":{"line":37,"column":5}}},"4":{"name":"(anonymous_4)","decl":{"start":{"line":42,"column":10},"end":{"line":42,"column":19}},"loc":{"start":{"line":42,"column":19},"end":{"line":62,"column":3}}}},"branchMap":{"0":{"loc":{"start":{"line":3,"column":12},"end":{"line":3,"column":null}},"type":"binary-expr","locations":[{"start":{"line":3,"column":12},"end":{"line":3,"column":21}},{"start":{"line":3,"column":21},"end":{"line":3,"column":null}}]},"1":{"loc":{"start":{"line":10,"column":12},"end":{"line":10,"column":null}},"type":"binary-expr","locations":[{"start":{"line":10,"column":12},"end":{"line":10,"column":21}},{"start":{"line":10,"column":21},"end":{"line":10,"column":null}}]},"2":{"loc":{"start":{"line":48,"column":4},"end":{"line":61,"column":5}},"type":"switch","locations":[{"start":{"line":49,"column":6},"end":{"line":52,"column":13}},{"start":{"line":53,"column":6},"end":{"line":56,"column":13}},{"start":{"line":57,"column":6},"end":{"line":60,"column":13}}]}},"s":{"0":3,"1":3,"2":3,"3":3,"4":3,"5":3,"6":3,"7":3,"8":3,"9":3,"10":10,"11":10,"12":10,"13":10,"14":10,"15":10,"16":10,"17":10,"18":10,"19":10,"20":1,"21":10,"22":10,"23":10,"24":10,"25":10,"26":10,"27":8,"28":8,"29":8,"30":1,"31":1,"32":1,"33":1,"34":1,"35":1,"36":3},"f":{"0":3,"1":3,"2":10,"3":1,"4":10},"b":{"0":[3,3],"1":[3,3],"2":[8,1,1]}}
,"F:\\WebStormProjects\\factory-sort\\src\\game\\objects\\destination_bin.ts": {"path":"F:\\WebStormProjects\\factory-sort\\src\\game\\objects\\destination_bin.ts","statementMap":{"0":{"start":{"line":1,"column":0},"end":{"line":1,"column":43}},"1":{"start":{"line":12,"column":4},"end":{"line":12,"column":null}},"2":{"start":{"line":7,"column":10},"end":{"line":7,"column":null}},"3":{"start":{"line":8,"column":10},"end":{"line":8,"column":null}},"4":{"start":{"line":9,"column":10},"end":{"line":9,"column":null}},"5":{"start":{"line":14,"column":4},"end":{"line":14,"column":null}},"6":{"start":{"line":15,"column":4},"end":{"line":15,"column":null}},"7":{"start":{"line":16,"column":4},"end":{"line":16,"column":null}},"8":{"start":{"line":17,"column":4},"end":{"line":17,"column":null}},"9":{"start":{"line":19,"column":4},"end":{"line":19,"column":null}},"10":{"start":{"line":23,"column":4},"end":{"line":23,"column":null}},"11":{"start":{"line":26,"column":4},"end":{"line":26,"column":null}},"12":{"start":{"line":27,"column":4},"end":{"line":27,"column":null}},"13":{"start":{"line":30,"column":4},"end":{"line":30,"column":null}},"14":{"start":{"line":31,"column":4},"end":{"line":31,"column":null}},"15":{"start":{"line":34,"column":4},"end":{"line":34,"column":null}},"16":{"start":{"line":35,"column":4},"end":{"line":35,"column":null}},"17":{"start":{"line":36,"column":4},"end":{"line":36,"column":null}},"18":{"start":{"line":37,"column":4},"end":{"line":37,"column":null}},"19":{"start":{"line":41,"column":4},"end":{"line":45,"column":5}},"20":{"start":{"line":42,"column":6},"end":{"line":42,"column":null}},"21":{"start":{"line":44,"column":6},"end":{"line":44,"column":null}},"22":{"start":{"line":46,"column":4},"end":{"line":46,"column":null}},"23":{"start":{"line":50,"column":4},"end":{"line":50,"column":null}},"24":{"start":{"line":4,"column":0},"end":{"line":4,"column":13}}},"fnMap":{"0":{"name":"(anonymous_0)","decl":{"start":{"line":11,"column":2},"end":{"line":11,"column":14}},"loc":{"start":{"line":11,"column":66},"end":{"line":20,"column":3}}},"1":{"name":"(anonymous_1)","decl":{"start":{"line":22,"column":10},"end":{"line":22,"column":17}},"loc":{"start":{"line":22,"column":17},"end":{"line":38,"column":3}}},"2":{"name":"(anonymous_2)","decl":{"start":{"line":40,"column":9},"end":{"line":40,"column":19}},"loc":{"start":{"line":40,"column":38},"end":{"line":47,"column":3}}},"3":{"name":"(anonymous_3)","decl":{"start":{"line":49,"column":9},"end":{"line":49,"column":17}},"loc":{"start":{"line":49,"column":17},"end":{"line":51,"column":3}}}},"branchMap":{"0":{"loc":{"start":{"line":41,"column":4},"end":{"line":45,"column":5}},"type":"if","locations":[{"start":{"line":41,"column":4},"end":{"line":45,"column":5}},{"start":{},"end":{}}]}},"s":{"0":1,"1":3,"2":3,"3":3,"4":3,"5":3,"6":3,"7":3,"8":3,"9":3,"10":3,"11":3,"12":3,"13":3,"14":3,"15":3,"16":3,"17":3,"18":3,"19":3,"20":2,"21":2,"22":1,"23":2,"24":1},"f":{"0":3,"1":3,"2":3,"3":2},"b":{"0":[2,1]}}
}
