{
  "F:\\WebStormProjects\\factory-sort\\src\\game\\objects\\ConveyorItem.ts": {
    "path": "F:\\WebStormProjects\\factory-sort\\src\\game\\objects\\ConveyorItem.ts",
    "statementMap": {
      "0": { "start": { "line": 1, "column": 0 }, "end": { "line": 1, "column": 43 } },
      "1": { "start": { "line": 3, "column": 0 }, "end": { "line": 3, "column": null } },
      "2": { "start": { "line": 4, "column": 2 }, "end": { "line": 4, "column": null } },
      "3": { "start": { "line": 5, "column": 2 }, "end": { "line": 5, "column": null } },
      "4": { "start": { "line": 6, "column": 2 }, "end": { "line": 6, "column": null } },
      "5": { "start": { "line": 7, "column": 2 }, "end": { "line": 7, "column": null } },
      "6": { "start": { "line": 10, "column": 0 }, "end": { "line": 10, "column": null } },
      "7": { "start": { "line": 11, "column": 2 }, "end": { "line": 11, "column": null } },
      "8": { "start": { "line": 12, "column": 2 }, "end": { "line": 12, "column": null } },
      "9": { "start": { "line": 13, "column": 2 }, "end": { "line": 13, "column": null } },
      "10": { "start": { "line": 22, "column": 4 }, "end": { "line": 22, "column": null } },
      "11": { "start": { "line": 24, "column": 4 }, "end": { "line": 24, "column": null } },
      "12": { "start": { "line": 25, "column": 4 }, "end": { "line": 25, "column": null } },
      "13": { "start": { "line": 27, "column": 4 }, "end": { "line": 27, "column": null } },
      "14": { "start": { "line": 28, "column": 4 }, "end": { "line": 28, "column": null } },
      "15": { "start": { "line": 29, "column": 4 }, "end": { "line": 29, "column": null } },
      "16": { "start": { "line": 32, "column": 17 }, "end": { "line": 32, "column": 19 } },
      "17": { "start": { "line": 33, "column": 4 }, "end": { "line": 33, "column": null } },
      "18": { "start": { "line": 34, "column": 4 }, "end": { "line": 34, "column": null } },
      "19": { "start": { "line": 35, "column": 4 }, "end": { "line": 37, "column": null } },
      "20": { "start": { "line": 36, "column": 6 }, "end": { "line": 36, "column": null } },
      "21": { "start": { "line": 39, "column": 4 }, "end": { "line": 39, "column": null } },
      "22": { "start": { "line": 43, "column": 17 }, "end": { "line": 43, "column": 19 } },
      "23": { "start": { "line": 44, "column": 4 }, "end": { "line": 44, "column": null } },
      "24": { "start": { "line": 45, "column": 4 }, "end": { "line": 45, "column": null } },
      "25": { "start": { "line": 46, "column": 4 }, "end": { "line": 46, "column": null } },
      "26": { "start": { "line": 48, "column": 4 }, "end": { "line": 61, "column": 5 } },
      "27": { "start": { "line": 50, "column": 8 }, "end": { "line": 50, "column": null } },
      "28": { "start": { "line": 51, "column": 8 }, "end": { "line": 51, "column": null } },
      "29": { "start": { "line": 52, "column": 8 }, "end": { "line": 52, "column": 13 } },
      "30": { "start": { "line": 54, "column": 8 }, "end": { "line": 54, "column": null } },
      "31": { "start": { "line": 55, "column": 8 }, "end": { "line": 55, "column": null } },
      "32": { "start": { "line": 56, "column": 8 }, "end": { "line": 56, "column": 13 } },
      "33": { "start": { "line": 58, "column": 8 }, "end": { "line": 58, "column": null } },
      "34": { "start": { "line": 59, "column": 8 }, "end": { "line": 59, "column": null } },
      "35": { "start": { "line": 60, "column": 8 }, "end": { "line": 60, "column": 13 } },
      "36": { "start": { "line": 16, "column": 0 }, "end": { "line": 16, "column": 13 } }
    },
    "fnMap": {
      "0": {
        "name": "(anonymous_0)",
        "decl": { "start": { "line": 3, "column": 0 }, "end": { "line": 3, "column": 12 } },
        "loc": { "start": { "line": 3, "column": 21 }, "end": { "line": 8, "column": 1 } }
      },
      "1": {
        "name": "(anonymous_1)",
        "decl": { "start": { "line": 10, "column": 0 }, "end": { "line": 10, "column": 12 } },
        "loc": { "start": { "line": 10, "column": 21 }, "end": { "line": 14, "column": 1 } }
      },
      "2": {
        "name": "(anonymous_2)",
        "decl": { "start": { "line": 21, "column": 2 }, "end": { "line": 21, "column": 14 } },
        "loc": { "start": { "line": 21, "column": 84 }, "end": { "line": 40, "column": 3 } }
      },
      "3": {
        "name": "(anonymous_3)",
        "decl": { "start": { "line": 35, "column": 27 }, "end": { "line": 35, "column": 30 } },
        "loc": { "start": { "line": 35, "column": 32 }, "end": { "line": 37, "column": 5 } }
      },
      "4": {
        "name": "(anonymous_4)",
        "decl": { "start": { "line": 42, "column": 10 }, "end": { "line": 42, "column": 19 } },
        "loc": { "start": { "line": 42, "column": 19 }, "end": { "line": 62, "column": 3 } }
      }
    },
    "branchMap": {
      "0": {
        "loc": { "start": { "line": 3, "column": 12 }, "end": { "line": 3, "column": null } },
        "type": "binary-expr",
        "locations": [
          { "start": { "line": 3, "column": 12 }, "end": { "line": 3, "column": 21 } },
          { "start": { "line": 3, "column": 21 }, "end": { "line": 3, "column": null } }
        ]
      },
      "1": {
        "loc": { "start": { "line": 10, "column": 12 }, "end": { "line": 10, "column": null } },
        "type": "binary-expr",
        "locations": [
          { "start": { "line": 10, "column": 12 }, "end": { "line": 10, "column": 21 } },
          { "start": { "line": 10, "column": 21 }, "end": { "line": 10, "column": null } }
        ]
      },
      "2": {
        "loc": { "start": { "line": 48, "column": 4 }, "end": { "line": 61, "column": 5 } },
        "type": "switch",
        "locations": [
          { "start": { "line": 49, "column": 6 }, "end": { "line": 52, "column": 13 } },
          { "start": { "line": 53, "column": 6 }, "end": { "line": 56, "column": 13 } },
          { "start": { "line": 57, "column": 6 }, "end": { "line": 60, "column": 13 } }
        ]
      }
    },
    "s": {
      "0": 1,
      "1": 1,
      "2": 1,
      "3": 1,
      "4": 1,
      "5": 1,
      "6": 1,
      "7": 1,
      "8": 1,
      "9": 1,
      "10": 5,
      "11": 5,
      "12": 5,
      "13": 5,
      "14": 5,
      "15": 5,
      "16": 5,
      "17": 5,
      "18": 5,
      "19": 5,
      "20": 1,
      "21": 5,
      "22": 5,
      "23": 5,
      "24": 5,
      "25": 5,
      "26": 5,
      "27": 3,
      "28": 3,
      "29": 3,
      "30": 1,
      "31": 1,
      "32": 1,
      "33": 1,
      "34": 1,
      "35": 1,
      "36": 1
    },
    "f": { "0": 1, "1": 1, "2": 5, "3": 1, "4": 5 },
    "b": { "0": [1, 1], "1": [1, 1], "2": [3, 1, 1] }
  }
}
