TN:
SF:src\game\level_manager.ts
FN:4,(anonymous_0)
FN:59,(anonymous_1)
FN:67,(anonymous_2)
FN:75,(anonymous_3)
FN:86,(anonymous_4)
FN:94,(anonymous_5)
FN:102,(anonymous_6)
FNF:7
FNH:7
FNDA:1,(anonymous_0)
FNDA:8,(anonymous_1)
FNDA:1,(anonymous_2)
FNDA:7,(anonymous_3)
FNDA:1,(anonymous_4)
FNDA:5,(anonymous_5)
FNDA:3,(anonymous_6)
DA:4,1
DA:5,1
DA:6,1
DA:7,1
DA:25,1
DA:26,1
DA:53,8
DA:60,8
DA:68,1
DA:76,7
DA:77,6
DA:78,6
DA:80,1
DA:87,1
DA:95,5
DA:103,3
LF:16
LH:16
BRDA:4,0,0,1
BRDA:4,0,1,1
BRDA:59,1,0,7
BRDA:76,2,0,6
BRDA:76,2,1,1
BRF:5
BRH:5
end_of_record
TN:
SF:src\game\objects\conveyor_belt.ts
FN:11,(anonymous_0)
FN:33,(anonymous_1)
FN:50,(anonymous_2)
FN:57,(anonymous_3)
FN:72,(anonymous_4)
FNF:5
FNH:5
FNDA:3,(anonymous_0)
FNDA:3,(anonymous_1)
FNDA:2,(anonymous_2)
FNDA:2,(anonymous_3)
FNDA:2,(anonymous_4)
DA:1,1
DA:4,1
DA:5,3
DA:9,3
DA:19,3
DA:21,3
DA:22,3
DA:23,3
DA:24,3
DA:26,3
DA:27,3
DA:28,3
DA:30,3
DA:34,3
DA:36,3
DA:37,3
DA:40,3
DA:41,3
DA:44,3
DA:45,3
DA:46,29
DA:51,2
DA:52,2
DA:54,2
DA:58,2
DA:59,2
DA:60,2
DA:64,2
DA:65,2
DA:66,1
DA:67,1
DA:73,2
LF:32
LH:32
BRDA:16,0,0,2
BRDA:17,1,0,3
BRDA:65,2,0,1
BRDA:65,2,1,1
BRF:4
BRH:4
end_of_record
TN:
SF:src\game\objects\conveyor_item.ts
FN:3,(anonymous_0)
FN:10,(anonymous_1)
FN:21,(anonymous_2)
FN:35,(anonymous_3)
FN:42,(anonymous_4)
FNF:5
FNH:5
FNDA:3,(anonymous_0)
FNDA:3,(anonymous_1)
FNDA:10,(anonymous_2)
FNDA:1,(anonymous_3)
FNDA:10,(anonymous_4)
DA:1,3
DA:3,3
DA:4,3
DA:5,3
DA:6,3
DA:7,3
DA:10,3
DA:11,3
DA:12,3
DA:13,3
DA:16,3
DA:22,10
DA:24,10
DA:25,10
DA:27,10
DA:28,10
DA:29,10
DA:32,10
DA:33,10
DA:34,10
DA:35,10
DA:36,1
DA:39,10
DA:43,10
DA:44,10
DA:45,10
DA:46,10
DA:48,10
DA:50,8
DA:51,8
DA:52,8
DA:54,1
DA:55,1
DA:56,1
DA:58,1
DA:59,1
DA:60,1
LF:37
LH:37
BRDA:3,0,0,3
BRDA:3,0,1,3
BRDA:10,1,0,3
BRDA:10,1,1,3
BRDA:48,2,0,8
BRDA:48,2,1,1
BRDA:48,2,2,1
BRF:7
BRH:7
end_of_record
TN:
SF:src\game\objects\destination_bin.ts
FN:11,(anonymous_0)
FN:22,(anonymous_1)
FN:40,(anonymous_2)
FN:49,(anonymous_3)
FNF:4
FNH:4
FNDA:3,(anonymous_0)
FNDA:3,(anonymous_1)
FNDA:3,(anonymous_2)
FNDA:2,(anonymous_3)
DA:1,1
DA:4,1
DA:7,3
DA:8,3
DA:9,3
DA:12,3
DA:14,3
DA:15,3
DA:16,3
DA:17,3
DA:19,3
DA:23,3
DA:26,3
DA:27,3
DA:30,3
DA:31,3
DA:34,3
DA:35,3
DA:36,3
DA:37,3
DA:41,3
DA:42,2
DA:44,2
DA:46,1
DA:50,2
LF:25
LH:25
BRDA:41,0,0,2
BRDA:41,0,1,1
BRF:2
BRH:2
end_of_record
