TN:
SF:src\game\objects\ConveyorItem.ts
FN:3,(anonymous_0)
FN:10,(anonymous_1)
FN:21,(anonymous_2)
FN:35,(anonymous_3)
FN:42,(anonymous_4)
FNF:5
FNH:5
FNDA:1,(anonymous_0)
FNDA:1,(anonymous_1)
FNDA:5,(anonymous_2)
FNDA:1,(anonymous_3)
FNDA:5,(anonymous_4)
DA:1,1
DA:3,1
DA:4,1
DA:5,1
DA:6,1
DA:7,1
DA:10,1
DA:11,1
DA:12,1
DA:13,1
DA:16,1
DA:22,5
DA:24,5
DA:25,5
DA:27,5
DA:28,5
DA:29,5
DA:32,5
DA:33,5
DA:34,5
DA:35,5
DA:36,1
DA:39,5
DA:43,5
DA:44,5
DA:45,5
DA:46,5
DA:48,5
DA:50,3
DA:51,3
DA:52,3
DA:54,1
DA:55,1
DA:56,1
DA:58,1
DA:59,1
DA:60,1
LF:37
LH:37
BRDA:3,0,0,1
BRDA:3,0,1,1
BRDA:10,1,0,1
BRDA:10,1,1,1
BRDA:48,2,0,3
BRDA:48,2,1,1
BRDA:48,2,2,1
BRF:7
BRH:7
end_of_record
